0  0.0
20  16799.999999999996
40  16036.363636363636
60  11760.0
80  14700.0
100  14700.0
120  16036.363636363636
140  11760.0
160  23520.0
180  23520.0
200  21381.818181818184
220  11760.0
240  16036.363636363636
260  14700.0
280  14700.0
300  11760.0
320  17639.999999999996
340  14700.0
360  16036.363636363636
380  9799.999999999998
400  14700.0
420  14700.0
440  16036.363636363636
460  11760.0
480  14700.0
500  19599.999999999996
520  13569.23076923077
540  19599.999999999996
560  16036.363636363636
580  11760.0
600  16036.363636363636
620  14700.0
640  14700.0
660  11760.0
680  17639.999999999996
700  11760.0
720  14700.0
740  14700.0
760  16036.363636363636
780  11760.0
800  14700.0
820  11760.0
840  16036.363636363636
860  19599.999999999996
880  14700.0
900  19599.999999999996
920  16036.363636363636
940  9799.999999999998
960  16036.363636363636
980  11760.0
1000  14700.0
1020  14700.0
1040  13569.23076923077
1060  19599.999999999996
1080  14700.0
1100  11760.0
1120  12599.999999999998
1140  58800.0
1160  14700.0
1180  9799.999999999998
1200  19599.999999999996
1220  19599.999999999996
1240  12599.999999999998
1260  14700.0
1280  16036.363636363636
1300  19599.999999999996
1320  14700.0
1340  9799.999999999998
1360  14700.0
1380  19599.999999999996
1400  14700.0
1420  19599.999999999996
1440  12599.999999999998
1460  19599.999999999996
1480  14700.0
1500  14700.0
1520  14700.0
1540  11760.0
1560  14700.0
1580  11760.0
1600  17639.999999999996
1620  14700.0
1640  16036.363636363636
1660  11760.0
1680  14700.0
1700  14700.0
1720  14700.0
1740  14700.0
1760  16036.363636363636
1780  19599.999999999996
1800  11760.0
1820  9799.999999999998
1840  16036.363636363636
1860  14700.0
1880  16036.363636363636
1900  14700.0
1920  16036.363636363636
1940  14700.0
1960  14700.0
1980  11760.0
2000  14700.0
2020  14700.0
2040  16036.363636363636
2060  14700.0
2080  16036.363636363636
2100  9799.999999999998
2120  16036.363636363636
2140  14700.0
2160  14700.0
2180  14700.0
2200  16036.363636363636
2220  14700.0
2240  14700.0
2260  14700.0
2280  14700.0
2300  11760.0
2320  16036.363636363636
2340  14700.0
2360  14700.0
2380  0.0
2400  0.0
