0  0.0
20  0.0
40  16799.999999999996
60  16036.363636363636
80  14700.0
100  14700.0
120  19599.999999999996
140  0.0
160  14700.0
180  8399.999999999998
200  0.0
220  16036.363636363636
240  14700.0
260  0.0
280  17639.999999999996
300  14700.0
320  14700.0
340  0.0
360  11760.0
380  14700.0
400  19599.999999999996
420  0.0
440  14700.0
460  11760.0
480  0.0
500  16036.363636363636
520  14700.0
540  0.0
560  14700.0
580  14700.0
600  16036.363636363636
620  0.0
640  14700.0
660  14700.0
680  14700.0
700  0.0
720  19599.999999999996
740  0.0
760  0.0
780  12599.999999999998
800  14700.0
820  0.0
840  14700.0
860  11760.0
880  16036.363636363636
900  0.0
920  14700.0
940  14700.0
960  14700.0
980  0.0
1000  17639.999999999996
1020  11760.0
1040  0.0
1060  13569.23076923077
1080  11760.0
1100  0.0
1120  14700.0
1140  19599.999999999996
1160  14700.0
1180  0.0
1200  14700.0
1220  14700.0
1240  11760.0
1260  0.0
1280  14700.0
1300  19599.999999999996
1320  0.0
1340  14700.0
1360  14700.0
1380  0.0
1400  14700.0
1420  19599.999999999996
1440  16036.363636363636
1460  0.0
1480  11760.0
1500  14700.0
1520  14700.0
1540  0.0
1560  14700.0
1580  14700.0
1600  0.0
1620  17639.999999999996
1640  9799.999999999998
1660  0.0
1680  16036.363636363636
1700  14700.0
1720  16036.363636363636
1740  0.0
1760  11760.0
1780  14700.0
1800  19599.999999999996
1820  0.0
1840  14700.0
1860  14700.0
1880  0.0
1900  16036.363636363636
1920  14700.0
1940  0.0
1960  16036.363636363636
1980  14700.0
2000  17639.999999999996
2020  0.0
2040  9799.999999999998
2060  16036.363636363636
2080  14700.0
2100  0.0
2120  13569.23076923077
2140  14700.0
2160  0.0
2180  16036.363636363636
2200  14700.0
2220  0.0
2240  16036.363636363636
2260  14700.0
2280  13569.23076923077
2300  0.0
2320  14700.0
2340  16036.363636363636
2360  11760.0
2380  0.0
2400  13569.23076923077
2420  19599.999999999996
2440  0.0
2460  14700.0
2480  11760.0
2500  0.0
2520  17639.999999999996
2540  11760.0
2560  17639.999999999996
2580  0.0
2600  9799.999999999998
2620  17639.999999999996
2640  11760.0
2660  0.0
2680  14700.0
2700  14700.0
2720  0.0
2740  16036.363636363636
2760  14700.0
2780  0.0
2800  16036.363636363636
2820  11760.0
2840  16036.363636363636
2860  0.0
2880  11760.0
2900  16036.363636363636
2920  14700.0
2940  0.0
2960  13569.23076923077
2980  14700.0
3000  0.0
3020  16036.363636363636
3040  14700.0
3060  0.0
3080  14700.0
3100  19599.999999999996
3120  14700.0
3140  0.0
3160  19599.999999999996
3180  14700.0
3200  14700.0
3220  0.0
3240  14700.0
3260  14700.0
3280  0.0
3300  14700.0
3320  14700.0
3340  0.0
3360  13569.23076923077
3380  14700.0
3400  17639.999999999996
3420  0.0
3440  11760.0
3460  14700.0
3480  14700.0
3500  0.0
3520  16036.363636363636
3540  14700.0
3560  0.0
3580  16036.363636363636
3600  9799.999999999998
3620  0.0
3640  16036.363636363636
3660  11760.0
3680  16036.363636363636
3700  0.0
3720  14700.0
3740  14700.0
3760  14700.0
3780  0.0
3800  16036.363636363636
3820  14700.0
3840  0.0
3860  14700.0
3880  14700.0
3900  0.0
3920  16036.363636363636
3940  19599.999999999996
3960  13569.23076923077
3980  0.0
4000  11760.0
4020  14700.0
4040  14700.0
4060  0.0
4080  14700.0
4100  14700.0
4120  0.0
4140  13569.23076923077
4160  14700.0
4180  0.0
4200  16036.363636363636
4220  11760.0
4240  16036.363636363636
4260  0.0
4280  14700.0
4300  14700.0
4320  14700.0
4340  0.0
4360  13569.23076923077
4380  19599.999999999996
4400  0.0
4420  16036.363636363636
4440  19599.999999999996
4460  0.0
4480  14700.0
4500  11760.0
4520  14700.0
4540  0.0
4560  19599.999999999996
4580  14700.0
4600  11760.0
4620  0.0
4640  16036.363636363636
4660  19599.999999999996
4680  0.0
4700  14700.0
4720  14700.0
4740  0.0
4760  14700.0
4780  14700.0
4800  14700.0
4820  0.0
4840  14700.0
4860  14700.0
4880  14700.0
4900  0.0
4920  14700.0
4940  14700.0
4960  0.0
4980  16036.363636363636
5000  11760.0
5020  0.0
5040  14700.0
5060  14700.0
5080  14700.0
5100  0.0
5120  19599.999999999996
5140  16036.363636363636
5160  9799.999999999998
5180  0.0
5200  14700.0
5220  19599.999999999996
5240  0.0
5260  16036.363636363636
5280  11760.0
5300  0.0
5320  14700.0
5340  14700.0
5360  14700.0
5380  0.0
5400  14700.0
5420  16036.363636363636
5440  19599.999999999996
5460  0.0
5480  13569.23076923077
5500  14700.0
5520  0.0
5540  16036.363636363636
5560  14700.0
5580  0.0
5600  16036.363636363636
5620  11760.0
5640  16036.363636363636
5660  0.0
5680  11760.0
5700  14700.0
5720  14700.0
5740  0.0
5760  16036.363636363636
5780  14700.0
5800  0.0
5820  14700.0
5840  11760.0
5860  0.0
5880  14700.0
5900  14700.0
5920  16036.363636363636
5940  0.0
5960  14700.0
5980  16036.363636363636
6000  9799.999999999998
6020  0.0
6040  16036.363636363636
6060  14700.0
6080  0.0
6100  14700.0
6120  9799.999999999998
6140  0.0
6160  16036.363636363636
6180  19599.999999999996
6200  16036.363636363636
6220  0.0
6240  9799.999999999998
6260  16036.363636363636
6280  14700.0
6300  0.0
6320  14700.0
6340  14700.0
6360  0.0
6380  13569.23076923077
6400  14700.0
6420  0.0
6440  16036.363636363636
6460  14700.0
6480  14700.0
6500  0.0
6520  14700.0
6540  14700.0
6560  11760.0
6580  0.0
6600  16036.363636363636
6620  11760.0
6640  0.0
6660  16036.363636363636
6680  14700.0
6700  0.0
6720  16036.363636363636
6740  14700.0
6760  13569.23076923077
6780  0.0
6800  19599.999999999996
6820  13569.23076923077
6840  14700.0
6860  0.0
6880  14700.0
6900  19599.999999999996
6920  0.0
6940  14700.0
6960  11760.0
6980  0.0
7000  16036.363636363636
7020  14700.0
7040  16036.363636363636
7060  0.0
7080  11760.0
7100  16036.363636363636
7120  14700.0
7140  0.0
7160  14700.0
7180  19599.999999999996
7200  0.0
7220  13569.23076923077
7240  14700.0
7260  0.0
7280  14700.0
7300  9799.999999999998
7320  16036.363636363636
7340  0.0
7360  19599.999999999996
7380  14700.0
7400  19599.999999999996
7420  0.0
7440  13569.23076923077
7460  19599.999999999996
7480  0.0
7500  14700.0
7520  14700.0
7540  0.0
7560  16036.363636363636
7580  11760.0
7600  16036.363636363636
7620  0.0
7640  19599.999999999996
7660  14700.0
7680  14700.0
7700  0.0
7720  13569.23076923077
7740  19599.999999999996
7760  0.0
7780  14700.0
7800  11760.0
7820  0.0
7840  13569.23076923077
7860  14700.0
7880  17639.999999999996
7900  0.0
7920  11760.0
7940  16036.363636363636
7960  14700.0
7980  0.0
8000  14700.0
8020  19599.999999999996
8040  0.0
8060  14700.0
8080  14700.0
8100  0.0
8120  13569.23076923077
8140  14700.0
8160  16036.363636363636
8180  0.0
8200  19599.999999999996
8220  13569.23076923077
8240  11760.0
8260  0.0
8280  16036.363636363636
8300  11760.0
8320  0.0
8340  14700.0
8360  14700.0
8380  0.0
8400  14700.0
8420  19599.999999999996
8440  0.0
8460  0.0
