0  0.0
20  9799.999999999998
40  16036.363636363636
60  11760.0
80  16036.363636363636
100  14700.0
120  14700.0
140  11760.0
160  14700.0
180  14700.0
200  29400.0
220  23520.0
240  23520.0
260  14700.0
280  14700.0
300  14700.0
320  14700.0
340  11760.0
360  16036.363636363636
380  14700.0
400  14700.0
420  14700.0
440  14700.0
460  11760.0
480  17639.999999999996
500  14700.0
520  11760.0
540  19599.999999999996
560  16036.363636363636
580  14700.0
600  16036.363636363636
620  14700.0
640  14700.0
660  14700.0
680  16036.363636363636
700  11760.0
720  16036.363636363636
740  14700.0
760  16036.363636363636
780  11760.0
800  16036.363636363636
820  9799.999999999998
840  16036.363636363636
860  14700.0
880  16036.363636363636
900  14700.0
920  14700.0
940  23520.0
960  26727.272727272728
980  23520.0
1000  9799.999999999998
1020  14700.0
1040  17639.999999999996
1060  23520.0
1080  11760.0
1100  19599.999999999996
1120  9046.153846153846
1140  29400.0
1160  10690.909090909092
1180  23520.0
1200  10690.909090909092
1220  39199.99999999999
1240  10690.909090909092
1260  23520.0
1280  10690.909090909092
1300  29400.0
1320  9799.999999999998
1340  29400.0
1360  9799.999999999998
1380  29400.0
1400  10690.909090909092
1420  39199.99999999999
1440  9046.153846153846
1460  29400.0
1480  10690.909090909092
1500  23520.0
1520  10690.909090909092
1540  23520.0
1560  10690.909090909092
1580  29400.0
1600  9799.999999999998
1620  29400.0
1640  9799.999999999998
1660  23520.0
1680  11760.0
1700  23520.0
1720  10690.909090909092
1740  29400.0
1760  9799.999999999998
1780  39199.99999999999
1800  10690.909090909092
1820  23520.0
1840  9799.999999999998
1860  23520.0
1880  11760.0
1900  29400.0
1920  9799.999999999998
1940  23520.0
1960  10690.909090909092
1980  23520.0
2000  9799.999999999998
2020  23520.0
2040  11760.0
2060  29400.0
2080  9799.999999999998
2100  29400.0
2120  10690.909090909092
2140  23520.0
2160  9046.153846153846
2180  23520.0
2200  11760.0
2220  23520.0
2240  11760.0
2260  29400.0
2280  10690.909090909092
2300  19599.999999999996
2320  9046.153846153846
2340  39199.99999999999
2360  9799.999999999998
2380  39199.99999999999
2400  9799.999999999998
2420  29400.0
2440  10690.909090909092
2460  29400.0
2480  10690.909090909092
2500  23520.0
2520  9799.999999999998
2540  39199.99999999999
2560  9046.153846153846
2580  29400.0
2600  10690.909090909092
2620  23520.0
2640  11760.0
2660  29400.0
2680  9046.153846153846
2700  29400.0
2720  9799.999999999998
2740  23520.0
2760  11760.0
2780  23520.0
2800  11760.0
2820  0.0
2840  0.0
