0  0.0
20  39199.99999999999
40  16036.363636363636
60  9799.999999999998
80  16036.363636363636
100  14700.0
120  16036.363636363636
140  11760.0
160  14700.0
180  14700.0
200  16036.363636363636
220  14700.0
240  13569.23076923077
260  19599.999999999996
280  12599.999999999998
300  19599.999999999996
320  16036.363636363636
340  14700.0
360  13569.23076923077
380  11760.0
400  16036.363636363636
420  19599.999999999996
440  13569.23076923077
460  19599.999999999996
480  13569.23076923077
500  11760.0
520  14700.0
540  29400.0
560  14700.0
580  11760.0
600  12599.999999999998
620  14700.0
640  16036.363636363636
660  14700.0
680  14700.0
700  19599.999999999996
720  12599.999999999998
740  19599.999999999996
760  14700.0
780  14700.0
800  12599.999999999998
820  14700.0
840  16036.363636363636
860  19599.999999999996
880  13569.23076923077
900  19599.999999999996
920  11760.0
940  11760.0
960  16036.363636363636
980  19599.999999999996
1000  12599.999999999998
1020  19599.999999999996
1040  0.0
1060  0.0
