0  0.0
20  0.0
40  15000.0
60  14772.41379310345
80  14700.0
100  14700.0
120  14700.0
140  14626.865671641792
160  14773.869346733667
180  14554.455445544552
200  14700.0
220  14626.865671641792
240  14773.869346733667
260  14700.0
280  14848.48484848485
300  14845.544554455446
320  14551.51515151515
340  14700.0
360  14994.0
380  14626.865671641792
400  14626.865671641792
420  14626.865671641792
440  14773.869346733667
460  14700.0
480  14700.0
500  14700.0
520  14554.455445544552
540  14773.869346733667
560  14700.0
580  14700.0
600  14700.0
620  14700.0
640  14626.865671641792
660  14773.869346733667
680  14773.869346733667
700  14700.0
720  14700.0
740  14700.0
760  14773.869346733667
780  14626.865671641792
800  14700.0
820  14773.869346733667
840  14700.0
860  14700.0
880  14554.455445544552
900  14626.865671641792
920  14626.865671641792
940  14700.0
960  14554.455445544552
980  14482.758620689654
1000  14554.455445544552
1020  14482.758620689654
1040  14554.455445544552
1060  14626.865671641792
1080  14626.865671641792
1100  14554.455445544552
1120  14554.455445544552
1140  14554.455445544552
1160  14554.455445544552
1180  0.0
1200  0.0
