0  0.0
20  0.0
40  16799.999999999996
60  13569.23076923077
80  14700.0
100  19599.999999999996
120  11760.0
140  0.0
160  13569.23076923077
180  29400.0
200  0.0
220  13569.23076923077
240  14700.0
260  16036.363636363636
280  0.0
300  14700.0
320  14700.0
340  14700.0
360  0.0
380  16036.363636363636
400  14700.0
420  0.0
440  14700.0
460  14700.0
480  0.0
500  12599.999999999998
520  14700.0
540  17639.999999999996
560  0.0
580  14700.0
600  12599.999999999998
620  19599.999999999996
640  0.0
660  16036.363636363636
680  14700.0
700  0.0
720  14700.0
740  11760.0
760  0.0
780  19599.999999999996
800  0.0
820  11024.999999999998
840  0.0
860  14700.0
880  14700.0
900  11760.0
920  0.0
940  14700.0
960  19599.999999999996
980  0.0
1000  14700.0
1020  11760.0
1040  0.0
1060  16036.363636363636
1080  19599.999999999996
1100  13569.23076923077
1120  0.0
1140  11760.0
1160  17639.999999999996
1180  9799.999999999998
1200  0.0
1220  14700.0
1240  19599.999999999996
1260  0.0
1280  16036.363636363636
1300  14700.0
1320  0.0
1340  14700.0
1360  11760.0
1380  13569.23076923077
1400  0.0
1420  29400.0
1440  14700.0
1460  11760.0
1480  0.0
1500  16036.363636363636
1520  14700.0
1540  0.0
1560  13569.23076923077
1580  14700.0
1600  0.0
1620  16036.363636363636
1640  14700.0
1660  14700.0
1680  0.0
1700  11760.0
1720  14700.0
1740  14700.0
1760  0.0
1780  17639.999999999996
1800  9799.999999999998
1820  0.0
1840  13569.23076923077
1860  14700.0
1880  0.0
1900  16036.363636363636
1920  14700.0
1940  14700.0
1960  0.0
1980  14700.0
2000  14700.0
2020  11760.0
2040  0.0
2060  16036.363636363636
2080  11760.0
2100  0.0
2120  16036.363636363636
2140  11760.0
2160  0.0
2180  14700.0
2200  14700.0
2220  14700.0
2240  0.0
2260  19599.999999999996
2280  14700.0
2300  9799.999999999998
2320  0.0
2340  14700.0
2360  29400.0
2380  0.0
2400  14700.0
2420  11760.0
2440  0.0
2460  16036.363636363636
2480  14700.0
2500  14700.0
2520  0.0
2540  14700.0
2560  14700.0
2580  11760.0
2600  0.0
2620  14700.0
2640  14700.0
2660  0.0
2680  13569.23076923077
2700  14700.0
2720  0.0
2740  14700.0
2760  16799.999999999996
2780  11760.0
2800  0.0
2820  19599.999999999996
2840  16036.363636363636
2860  11760.0
2880  0.0
2900  13569.23076923077
2920  11760.0
2940  0.0
2960  14700.0
2980  19599.999999999996
3000  0.0
3020  17639.999999999996
3040  11760.0
3060  14700.0
3080  0.0
3100  14700.0
3120  12599.999999999998
3140  29400.0
3160  0.0
3180  16036.363636363636
3200  11760.0
3220  0.0
3240  16036.363636363636
3260  11760.0
3280  0.0
3300  12599.999999999998
3320  29400.0
3340  16036.363636363636
3360  0.0
3380  11760.0
3400  14700.0
3420  14700.0
3440  0.0
3460  14700.0
3480  14700.0
3500  0.0
3520  14700.0
3540  14700.0
3560  0.0
3580  14700.0
3600  11760.0
3620  16036.363636363636
3640  0.0
3660  14700.0
3680  16036.363636363636
3700  11760.0
3720  0.0
3740  17639.999999999996
3760  9799.999999999998
3780  0.0
3800  19599.999999999996
3820  0.0
3840  0.0
3860  11024.999999999998
3880  14700.0
3900  14700.0
3920  0.0
3940  11760.0
3960  17639.999999999996
3980  14700.0
4000  0.0
4020  14700.0
4040  11760.0
4060  0.0
4080  16036.363636363636
4100  14700.0
4120  0.0
4140  14700.0
4160  14700.0
4180  16036.363636363636
4200  0.0
4220  11760.0
4240  14700.0
4260  14700.0
4280  0.0
4300  17639.999999999996
4320  11760.0
4340  0.0
4360  0.0
