0  0.0
20  0.0
40  16799.999999999996
60  0.0
80  10690.909090909092
100  23520.0
120  9046.153846153846
140  29400.0
160  0.0
180  11760.0
200  23520.0
220  0.0
240  9799.999999999998
260  29400.0
280  10690.909090909092
300  23520.0
320  0.0
340  9799.999999999998
360  29400.0
380  0.0
400  9046.153846153846
420  29400.0
440  0.0
460  11760.0
480  23520.0
500  9799.999999999998
520  0.0
540  23520.0
560  7840.0
580  0.0
600  58800.0
620  10690.909090909092
640  23520.0
660  0.0
680  10690.909090909092
700  29400.0
720  0.0
740  13569.23076923077
760  14700.0
780  11760.0
800  0.0
820  19599.999999999996
840  9799.999999999998
860  0.0
880  29400.0
900  9799.999999999998
920  29400.0
940  0.0
960  10690.909090909092
980  23520.0
1000  0.0
1020  10690.909090909092
1040  29400.0
1060  9046.153846153846
1080  0.0
1100  23520.0
1120  9799.999999999998
1140  29400.0
1160  0.0
1180  10690.909090909092
1200  29400.0
1220  0.0
1240  9046.153846153846
1260  0.0
1280  0.0
