0  0.0
20  14700.0
40  14700.0
60  14773.869346733667
80  14700.0
100  14773.869346733667
120  14626.865671641792
140  14626.865671641792
160  14773.869346733667
180  14923.857868020303
200  14700.0
220  14626.865671641792
240  14848.48484848485
260  14700.0
280  14773.869346733667
300  14700.0
320  14848.48484848485
340  14700.0
360  14773.869346733667
380  15069.34673366834
400  14700.0
420  14773.869346733667
440  14626.865671641792
460  14773.869346733667
480  14700.0
500  14700.0
520  14700.0
540  14700.0
560  14554.455445544552
580  14773.869346733667
600  14626.865671641792
620  14626.865671641792
640  14848.48484848485
660  14700.0
680  14700.0
700  14848.48484848485
720  14773.869346733667
740  14700.0
760  14626.865671641792
780  14773.869346733667
800  14700.0
820  14700.0
840  14700.0
860  14700.0
880  14700.0
900  14773.869346733667
920  14700.0
940  14848.48484848485
960  14773.869346733667
980  14626.865671641792
1000  14700.0
1020  14773.869346733667
1040  14700.0
1060  14700.0
1080  14994.0
1100  14773.869346733667
1120  14700.0
1140  14626.865671641792
1160  14626.865671641792
1180  14700.0
1200  14700.0
1220  14700.0
1240  14773.869346733667
1260  14773.869346733667
1280  14773.869346733667
1300  14773.869346733667
1320  14700.0
1340  14773.869346733667
1360  14554.455445544552
1380  14773.869346733667
1400  14700.0
1420  14700.0
1440  14773.869346733667
1460  14773.869346733667
1480  14773.869346733667
1500  15069.34673366834
1520  14773.869346733667
1540  14773.869346733667
1560  14700.0
1580  14923.857868020303
1600  14626.865671641792
1620  14700.0
1640  14773.869346733667
1660  14848.48484848485
1680  14626.865671641792
1700  14626.865671641792
1720  14848.48484848485
1740  14848.48484848485
1760  14700.0
1780  14773.869346733667
1800  14626.865671641792
1820  14700.0
1840  14773.869346733667
1860  14773.869346733667
1880  14700.0
1900  14626.865671641792
1920  14848.48484848485
1940  14700.0
1960  14700.0
1980  14773.869346733667
2000  14626.865671641792
2020  14626.865671641792
2040  14773.869346733667
2060  14626.865671641792
2080  14773.869346733667
2100  14773.869346733667
2120  14700.0
2140  14626.865671641792
2160  14773.869346733667
2180  15069.34673366834
2200  14700.0
2220  14773.869346733667
2240  14700.0
2260  14700.0
2280  14773.869346733667
2300  14773.869346733667
2320  14848.48484848485
2340  14626.865671641792
2360  14700.0
2380  14773.869346733667
2400  14626.865671641792
2420  14626.865671641792
2440  14700.0
2460  14700.0
2480  14773.869346733667
2500  14773.869346733667
2520  14554.455445544552
2540  14773.869346733667
2560  14848.48484848485
2580  14700.0
2600  14700.0
2620  14994.0
2640  14773.869346733667
2660  14554.455445544552
2680  14848.48484848485
2700  14626.865671641792
2720  14773.869346733667
2740  14700.0
2760  14700.0
2780  14700.0
2800  14626.865671641792
2820  14773.869346733667
2840  14482.758620689654
2860  14773.869346733667
2880  14554.455445544552
2900  14700.0
2920  14700.0
2940  14700.0
2960  14700.0
2980  14700.0
3000  14700.0
3020  14626.865671641792
3040  14626.865671641792
3060  14700.0
3080  14482.758620689654
3100  14554.455445544552
3120  14626.865671641792
3140  14626.865671641792
3160  14554.455445544552
3180  14482.758620689654
3200  14554.455445544552
3220  0.0
3240  0.0
3260  0.0
3280  0.0
3300  0.0
3320  0.0
3340  0.0
3360  0.0
3380  0.0
3400  0.0
3420  0.0
3440  0.0
3460  0.0
3480  0.0
3500  0.0
3520  0.0
3540  0.0
3560  0.0
3580  0.0
3600  0.0
3620  0.0
3640  0.0
3660  0.0
3680  0.0
3700  0.0
3720  0.0
3740  0.0
3760  0.0
3780  0.0
3800  0.0
3820  0.0
3840  0.0
3860  0.0
3880  0.0
3900  0.0
3920  0.0
3940  0.0
3960  0.0
3980  0.0
4000  0.0
4020  0.0
4040  0.0
4060  0.0
4080  0.0
4100  0.0
4120  0.0
4140  0.0
4160  0.0
4180  0.0
4200  0.0
4220  0.0
4240  0.0
4260  0.0
4280  0.0
4300  0.0
4320  0.0
4340  0.0
4360  0.0
4380  0.0
4400  0.0
4420  0.0
4440  0.0
