0  0.0
20  0.0
40  16036.363636363636
60  19599.999999999996
80  13569.23076923077
100  29400.0
120  14700.0
140  14700.0
160  0.0
180  13569.23076923077
200  19599.999999999996
220  0.0
240  13569.23076923077
260  14700.0
280  0.0
300  12599.999999999998
320  29400.0
340  14700.0
360  0.0
380  19599.999999999996
400  14700.0
420  11760.0
440  0.0
460  13569.23076923077
480  29400.0
500  0.0
520  12599.999999999998
540  19599.999999999996
560  0.0
580  14700.0
600  14700.0
620  16036.363636363636
640  0.0
660  19599.999999999996
680  11024.999999999998
700  29400.0
720  0.0
740  14700.0
760  14700.0
780  0.0
800  14700.0
820  19599.999999999996
840  0.0
860  14700.0
880  14700.0
900  13569.23076923077
920  0.0
940  19599.999999999996
960  14700.0
980  19599.999999999996
1000  0.0
1020  13569.23076923077
1040  29400.0
1060  0.0
1080  13569.23076923077
1100  14700.0
1120  0.0
1140  14700.0
1160  14700.0
1180  13569.23076923077
1200  0.0
1220  19599.999999999996
1240  13569.23076923077
1260  14700.0
1280  0.0
1300  16036.363636363636
1320  11760.0
1340  0.0
1360  17639.999999999996
1380  11760.0
1400  0.0
1420  13569.23076923077
1440  19599.999999999996
1460  14700.0
1480  0.0
1500  19599.999999999996
1520  14700.0
1540  11760.0
1560  0.0
1580  16036.363636363636
1600  14700.0
1620  0.0
1640  14700.0
1660  29400.0
1680  0.0
1700  13569.23076923077
1720  14700.0
1740  13569.23076923077
1760  0.0
1780  19599.999999999996
1800  14700.0
1820  14700.0
1840  0.0
1860  14700.0
1880  19599.999999999996
1900  0.0
1920  14700.0
1940  19599.999999999996
1960  0.0
1980  13569.23076923077
2000  14700.0
2020  14700.0
2040  0.0
2060  14700.0
2080  14700.0
2100  14700.0
2120  0.0
2140  14700.0
2160  14700.0
2180  0.0
2200  13569.23076923077
2220  7350.0
2240  0.0
2260  22049.999999999996
2280  19599.999999999996
2300  13569.23076923077
2320  0.0
2340  14700.0
2360  14700.0
2380  19599.999999999996
2400  0.0
2420  14700.0
2440  19599.999999999996
2460  0.0
2480  13569.23076923077
2500  14700.0
2520  0.0
2540  13569.23076923077
2560  14700.0
2580  14700.0
2600  0.0
2620  19599.999999999996
2640  13569.23076923077
2660  14700.0
2680  0.0
2700  14700.0
2720  14700.0
2740  0.0
2760  14700.0
2780  19599.999999999996
2800  0.0
2820  13569.23076923077
2840  19599.999999999996
2860  14700.0
2880  0.0
2900  14700.0
2920  14700.0
2940  14700.0
2960  0.0
2980  13569.23076923077
3000  14700.0
3020  0.0
3040  16036.363636363636
3060  19599.999999999996
3080  0.0
3100  14700.0
3120  11760.0
3140  14700.0
3160  0.0
3180  19599.999999999996
3200  13569.23076923077
3220  19599.999999999996
3240  0.0
3260  14700.0
3280  14700.0
3300  0.0
3320  14700.0
3340  14700.0
3360  0.0
3380  14700.0
3400  19599.999999999996
3420  12599.999999999998
3440  0.0
3460  19599.999999999996
3480  13569.23076923077
3500  19599.999999999996
3520  0.0
3540  16036.363636363636
3560  19599.999999999996
3580  0.0
3600  13569.23076923077
3620  14700.0
3640  0.0
3660  13569.23076923077
3680  19599.999999999996
3700  14700.0
3720  0.0
3740  19599.999999999996
3760  14700.0
3780  11760.0
3800  0.0
3820  16036.363636363636
3840  19599.999999999996
3860  0.0
3880  13569.23076923077
3900  14700.0
3920  0.0
3940  13569.23076923077
3960  19599.999999999996
3980  13569.23076923077
4000  0.0
4020  14700.0
4040  16036.363636363636
4060  14700.0
4080  0.0
4100  13569.23076923077
4120  29400.0
4140  0.0
4160  13569.23076923077
4180  19599.999999999996
4200  0.0
4220  13569.23076923077
4240  29400.0
4260  12599.999999999998
4280  0.0
4300  14700.0
4320  16036.363636363636
4340  11760.0
4360  0.0
4380  16036.363636363636
4400  19599.999999999996
4420  0.0
4440  14700.0
4460  14700.0
4480  0.0
4500  12599.999999999998
4520  19599.999999999996
4540  14700.0
4560  0.0
4580  19599.999999999996
4600  14700.0
4620  14700.0
4640  0.0
4660  16036.363636363636
4680  14700.0
4700  0.0
4720  13569.23076923077
4740  11760.0
4760  0.0
4780  14700.0
4800  14700.0
4820  16036.363636363636
4840  0.0
4860  14700.0
4880  13569.23076923077
4900  19599.999999999996
4920  0.0
4940  14700.0
4960  14700.0
4980  0.0
5000  16036.363636363636
5020  14700.0
5040  0.0
5060  14700.0
5080  14700.0
5100  13569.23076923077
5120  0.0
5140  19599.999999999996
5160  12599.999999999998
5180  29400.0
5200  0.0
5220  14700.0
5240  14700.0
5260  0.0
5280  17639.999999999996
5300  19599.999999999996
5320  0.0
5340  12599.999999999998
5360  19599.999999999996
5380  13569.23076923077
5400  0.0
5420  19599.999999999996
5440  16036.363636363636
5460  0.0
5480  0.0
5500  9284.210526315788
5520  14700.0
5540  0.0
5560  14700.0
5580  19599.999999999996
5600  0.0
5620  14700.0
5640  19599.999999999996
5660  13569.23076923077
5680  0.0
5700  19599.999999999996
5720  13569.23076923077
5740  11760.0
5760  0.0
5780  16036.363636363636
5800  19599.999999999996
5820  0.0
5840  14700.0
5860  19599.999999999996
5880  0.0
5900  13569.23076923077
5920  14700.0
5940  14700.0
5960  0.0
5980  29400.0
6000  12599.999999999998
6020  19599.999999999996
6040  0.0
6060  14700.0
6080  14700.0
6100  0.0
6120  14700.0
6140  19599.999999999996
6160  0.0
6180  12599.999999999998
6200  14700.0
6220  14700.0
6240  0.0
6260  29400.0
6280  13569.23076923077
6300  14700.0
6320  0.0
6340  14700.0
6360  14700.0
6380  0.0
6400  16036.363636363636
6420  14700.0
6440  0.0
6460  13569.23076923077
6480  14700.0
6500  14700.0
6520  0.0
6540  14700.0
6560  14700.0
6580  11760.0
6600  0.0
6620  16036.363636363636
6640  19599.999999999996
6660  0.0
6680  12599.999999999998
6700  19599.999999999996
6720  0.0
6740  14700.0
6760  14700.0
6780  13569.23076923077
6800  0.0
6820  19599.999999999996
6840  0.0
6860  0.0
