0  0.0
20  14700.0
40  14772.41379310345
60  14700.0
80  14773.869346733667
100  14482.758620689654
120  14773.869346733667
140  14700.0
160  14626.865671641792
180  14848.48484848485
200  14554.455445544552
220  14626.865671641792
240  14848.48484848485
260  14700.0
280  14626.865671641792
300  14626.865671641792
320  14773.869346733667
340  14773.869346733667
360  14554.455445544552
380  14700.0
400  14848.48484848485
420  14772.41379310345
440  14700.0
460  14923.857868020303
480  14848.48484848485
500  14773.869346733667
520  14482.758620689654
540  14773.869346733667
560  14848.48484848485
580  14700.0
600  14482.758620689654
620  14773.869346733667
640  14848.48484848485
660  14700.0
680  14626.865671641792
700  14700.0
720  14773.869346733667
740  14626.865671641792
760  14482.758620689654
780  14773.869346733667
800  14773.869346733667
820  14626.865671641792
840  14554.455445544552
860  14994.0
880  14848.48484848485
900  14773.869346733667
920  14626.865671641792
940  14700.0
960  14626.865671641792
980  14848.48484848485
1000  14626.865671641792
1020  14700.0
1040  14700.0
1060  14848.48484848485
1080  14700.0
1100  14773.869346733667
1120  14700.0
1140  14554.455445544552
1160  14848.48484848485
1180  14700.0
1200  14554.455445544552
1220  14773.869346733667
1240  14773.869346733667
1260  14700.0
1280  14773.869346733667
1300  14773.869346733667
1320  14773.869346733667
1340  14626.865671641792
1360  14626.865671641792
1380  15000.0
1400  14773.869346733667
1420  0.0
1440  0.0
1460  0.0
1480  0.0
1500  0.0
1520  0.0
1540  0.0
1560  0.0
1580  0.0
1600  0.0
1620  0.0
1640  0.0
1660  0.0
1680  0.0
1700  0.0
1720  0.0
1740  0.0
1760  0.0
1780  0.0
1800  0.0
1820  0.0
1840  0.0
1860  0.0
1880  0.0
1900  0.0
1920  0.0
1940  0.0
1960  0.0
