0  0.0
20  0.0
40  13066.666666666664
60  14700.0
80  19599.999999999996
100  18092.30769230769
120  0.0
140  0.0
160  14700.0
180  0.0
200  0.0
220  11760.0
240  11760.0
260  0.0
280  18092.30769230769
300  0.0
320  12599.999999999998
340  0.0
360  14700.0
380  14700.0
400  14700.0
420  0.0
440  13569.23076923077
460  19599.999999999996
480  0.0
500  16036.363636363636
520  11760.0
540  0.0
560  14700.0
580  14700.0
600  14700.0
620  0.0
640  14700.0
660  16036.363636363636
680  11760.0
700  0.0
720  16799.999999999996
740  0.0
760  0.0
780  11760.0
800  19599.999999999996
820  0.0
840  13569.23076923077
860  14700.0
880  0.0
900  0.0
