0  0.0
20  23520.0
40  14700.0
60  11760.0
80  13569.23076923077
100  19599.999999999996
120  16036.363636363636
140  19599.999999999996
160  12599.999999999998
180  11760.0
200  16036.363636363636
220  14700.0
240  21381.818181818184
260  11760.0
280  19599.999999999996
300  0.0
320  14700.0
340  0.0
360  14700.0
380  0.0
400  15680.0
420  0.0
440  11024.999999999998
460  14700.0
480  16799.999999999996
500  0.0
520  13835.294117647058
540  0.0
560  15680.0
580  0.0
600  14700.0
620  0.0
640  11024.999999999998
660  19599.999999999996
680  19599.999999999996
700  0.0
720  14700.0
740  0.0
760  15680.0
780  0.0
800  15680.0
820  0.0
840  13835.294117647058
860  0.0
880  13835.294117647058
900  0.0
920  14700.0
940  0.0
960  15680.0
980  0.0
1000  13066.666666666664
1020  0.0
1040  14700.0
1060  0.0
1080  14700.0
1100  0.0
1120  15680.0
1140  0.0
1160  13835.294117647058
1180  0.0
1200  14700.0
1220  0.0
1240  14700.0
1260  0.0
1280  0.0
