0  0.0
20  0.0
40  19599.999999999996
60  13569.23076923077
80  11760.0
100  14700.0
120  0.0
140  14700.0
160  13569.23076923077
180  29400.0
200  0.0
220  14700.0
240  14700.0
260  0.0
280  13569.23076923077
300  19599.999999999996
320  0.0
340  14700.0
360  14700.0
380  14700.0
400  0.0
420  14700.0
440  16036.363636363636
460  14700.0
480  0.0
500  16036.363636363636
520  14700.0
540  0.0
560  13569.23076923077
580  29400.0
600  0.0
620  13569.23076923077
640  19599.999999999996
660  16036.363636363636
680  0.0
700  14700.0
720  12599.999999999998
740  58800.0
760  0.0
780  13569.23076923077
800  14700.0
820  0.0
840  16036.363636363636
860  11760.0
880  0.0
900  16036.363636363636
920  14700.0
940  14700.0
960  0.0
980  29400.0
1000  13569.23076923077
1020  19599.999999999996
1040  0.0
1060  14700.0
1080  14700.0
1100  0.0
1120  14700.0
1140  14700.0
1160  0.0
1180  16036.363636363636
1200  14700.0
1220  14700.0
1240  0.0
1260  14700.0
1280  14700.0
1300  14700.0
1320  0.0
1340  14700.0
1360  29400.0
1380  0.0
1400  14700.0
1420  19599.999999999996
1440  0.0
1460  13569.23076923077
1480  19599.999999999996
1500  12599.999999999998
1520  0.0
1540  29400.0
1560  13569.23076923077
1580  19599.999999999996
1600  0.0
1620  14700.0
1640  14700.0
1660  0.0
1680  14700.0
1700  14700.0
1720  0.0
1740  16036.363636363636
1760  14700.0
1780  12599.999999999998
1800  0.0
1820  19599.999999999996
1840  14700.0
1860  19599.999999999996
1880  0.0
1900  14700.0
1920  19599.999999999996
1940  0.0
1960  13569.23076923077
1980  19599.999999999996
2000  0.0
2020  14700.0
2040  14700.0
2060  16036.363636363636
2080  0.0
2100  11760.0
2120  16036.363636363636
2140  14700.0
2160  0.0
2180  14700.0
2200  19599.999999999996
2220  0.0
2240  13066.666666666664
2260  19599.999999999996
2280  0.0
2300  12599.999999999998
2320  19599.999999999996
2340  12599.999999999998
2360  0.0
2380  14700.0
2400  14700.0
2420  19599.999999999996
2440  0.0
2460  13569.23076923077
2480  19599.999999999996
2500  0.0
2520  16036.363636363636
2540  19599.999999999996
2560  0.0
2580  14700.0
2600  14700.0
2620  14700.0
2640  0.0
2660  14700.0
2680  14700.0
2700  19599.999999999996
2720  0.0
2740  14700.0
2760  19599.999999999996
2780  0.0
2800  13569.23076923077
2820  19599.999999999996
2840  0.0
2860  13569.23076923077
2880  0.0
2900  13835.294117647058
2920  0.0
2940  0.0
2960  14700.0
2980  0.0
3000  0.0
3020  15680.0
3040  0.0
3060  0.0
3080  13835.294117647058
3100  0.0
3120  0.0
3140  16799.999999999996
3160  0.0
3180  13835.294117647058
3200  0.0
3220  0.0
3240  15680.0
3260  0.0
3280  0.0
3300  14700.0
3320  0.0
3340  0.0
3360  15680.0
3380  0.0
3400  0.0
