0  0.0
20  14626.865671641792
40  14626.865671641792
60  14700.0
80  14928.497409326425
100  14557.281553398057
120  14848.48484848485
140  14554.455445544552
160  14773.869346733667
180  14928.497409326425
200  14557.281553398057
220  14700.0
240  14626.865671641792
260  14851.546391752576
280  14557.281553398057
300  14923.857868020303
320  14848.48484848485
340  14411.764705882351
360  14554.455445544552
380  14700.0
400  14773.869346733667
420  14700.0
440  14626.865671641792
460  14700.0
480  14848.48484848485
500  14626.865671641792
520  14775.384615384615
540  14486.956521739132
560  14773.869346733667
580  14700.0
600  14923.857868020303
620  14482.758620689654
640  14848.48484848485
660  14626.865671641792
680  14994.0
700  14773.869346733667
720  14848.48484848485
740  14554.455445544552
760  14775.384615384615
780  14700.0
800  14773.869346733667
820  14554.455445544552
840  14626.865671641792
860  14848.48484848485
880  14626.865671641792
900  14554.455445544552
920  14851.546391752576
940  14700.0
960  14773.869346733667
980  14554.455445544552
1000  14773.869346733667
1020  14700.0
1040  14626.865671641792
1060  14626.865671641792
1080  14773.869346733667
1100  14700.0
1120  14554.455445544552
1140  14994.0
1160  14700.0
1180  14773.869346733667
1200  14848.48484848485
1220  14554.455445544552
1240  14626.865671641792
1260  14626.865671641792
1280  14848.48484848485
1300  14626.865671641792
1320  14773.869346733667
1340  14700.0
1360  14848.48484848485
1380  14554.455445544552
1400  14700.0
1420  14626.865671641792
1440  14848.48484848485
1460  14626.865671641792
1480  14848.48484848485
1500  14700.0
1520  14848.48484848485
1540  14554.455445544552
1560  14700.0
1580  14773.869346733667
1600  14848.48484848485
1620  14700.0
1640  14626.865671641792
1660  14700.0
1680  14848.48484848485
1700  14700.0
1720  14700.0
1740  14848.48484848485
1760  14773.869346733667
1780  14919.402985074626
1800  14626.865671641792
1820  14848.48484848485
1840  14554.455445544552
1860  14773.869346733667
1880  14848.48484848485
1900  14626.865671641792
1920  14626.865671641792
1940  14626.865671641792
1960  14773.869346733667
1980  14626.865671641792
2000  14626.865671641792
2020  14923.857868020303
2040  14554.455445544552
2060  14626.865671641792
2080  14626.865671641792
2100  14773.869346733667
2120  14626.865671641792
2140  14700.0
2160  14773.869346733667
2180  14919.402985074626
2200  14473.846153846154
2220  15062.068965517241
2240  14773.869346733667
2260  14773.869346733667
2280  14554.455445544552
2300  14700.0
2320  14848.48484848485
2340  14626.865671641792
2360  14700.0
2380  14773.869346733667
2400  14773.869346733667
2420  14626.865671641792
2440  14700.0
2460  14700.0
2480  14700.0
2500  14700.0
2520  14628.292682926827
2540  14848.48484848485
2560  14554.455445544552
2580  14773.869346733667
2600  14773.869346733667
2620  14919.402985074626
2640  14700.0
2660  14626.865671641792
2680  14848.48484848485
2700  14554.455445544552
2720  14700.0
2740  14554.455445544552
2760  14700.0
2780  14773.869346733667
2800  14773.869346733667
2820  14700.0
2840  14626.865671641792
2860  14773.869346733667
2880  14773.869346733667
2900  14626.865671641792
2920  14700.0
2940  14626.865671641792
2960  14773.869346733667
2980  14700.0
3000  14482.758620689654
3020  14773.869346733667
3040  14626.865671641792
3060  14773.869346733667
3080  14845.544554455446
3100  14700.0
3120  14772.41379310345
3140  14773.869346733667
3160  14700.0
3180  14482.758620689654
3200  14700.0
3220  14848.48484848485
3240  14773.869346733667
3260  14554.455445544552
3280  14700.0
3300  14700.0
3320  14848.48484848485
3340  14700.0
3360  14626.865671641792
3380  14773.869346733667
3400  14773.869346733667
3420  14773.869346733667
3440  14626.865671641792
3460  14554.455445544552
3480  14700.0
3500  14700.0
3520  14994.0
3540  14700.0
3560  14700.0
3580  14700.0
3600  14700.0
3620  14626.865671641792
3640  14700.0
3660  14773.869346733667
3680  14773.869346733667
3700  14626.865671641792
3720  14700.0
3740  14773.869346733667
3760  14700.0
3780  14775.384615384615
3800  14772.41379310345
3820  14700.0
3840  14773.869346733667
3860  14700.0
3880  14700.0
3900  14626.865671641792
3920  14773.869346733667
3940  14773.869346733667
3960  14626.865671641792
3980  14775.384615384615
4000  14772.41379310345
4020  14773.869346733667
4040  14700.0
4060  14626.865671641792
4080  14700.0
4100  14773.869346733667
4120  14700.0
4140  14700.0
4160  14994.0
4180  14700.0
4200  14773.869346733667
4220  14700.0
4240  14626.865671641792
4260  14700.0
4280  14773.869346733667
4300  14626.865671641792
4320  14626.865671641792
4340  14626.865671641792
4360  14773.869346733667
4380  14848.48484848485
4400  14482.758620689654
4420  14851.546391752576
4440  14557.281553398057
4460  14848.48484848485
4480  14848.48484848485
4500  14554.455445544552
4520  14773.869346733667
4540  14626.865671641792
4560  14919.402985074626
4580  14773.869346733667
4600  14700.0
4620  14700.0
4640  14700.0
4660  0.0
4680  0.0
4700  0.0
4720  0.0
4740  0.0
4760  0.0
4780  0.0
4800  0.0
4820  0.0
4840  0.0
4860  0.0
4880  0.0
4900  0.0
4920  0.0
4940  0.0
4960  0.0
4980  0.0
5000  0.0
5020  0.0
5040  0.0
5060  0.0
5080  0.0
5100  0.0
5120  0.0
5140  0.0
5160  0.0
5180  0.0
5200  0.0
5220  0.0
5240  0.0
5260  0.0
5280  0.0
5300  0.0
5320  0.0
5340  0.0
5360  0.0
5380  0.0
5400  0.0
5420  0.0
5440  0.0
5460  0.0
5480  0.0
5500  0.0
5520  0.0
5540  0.0
5560  0.0
5580  0.0
5600  0.0
5620  0.0
5640  0.0
5660  0.0
5680  0.0
5700  0.0
5720  0.0
5740  0.0
5760  0.0
5780  0.0
5800  0.0
5820  0.0
5840  0.0
5860  0.0
5880  0.0
5900  0.0
5920  0.0
5940  0.0
5960  0.0
5980  0.0
6000  0.0
6020  0.0
6040  0.0
6060  0.0
6080  0.0
6100  0.0
6120  0.0
6140  0.0
6160  0.0
6180  0.0
6200  0.0
6220  0.0
6240  0.0
6260  0.0
6280  0.0
6300  0.0
6320  0.0
6340  0.0
6360  0.0
6380  0.0
6400  0.0
6420  0.0
6440  0.0
6460  0.0
6480  0.0
6500  0.0
6520  0.0
6540  0.0
