0  0.0
20  14773.869346733667
40  14700.0
60  14773.869346733667
80  14773.869346733667
100  14700.0
120  14626.865671641792
140  14626.865671641792
160  14626.865671641792
180  14700.0
200  14700.0
220  14700.0
240  14700.0
260  14700.0
280  14626.865671641792
300  14700.0
320  14554.455445544552
340  14554.455445544552
360  14554.455445544552
380  14626.865671641792
400  14554.455445544552
420  14554.455445544552
440  14554.455445544552
460  14626.865671641792
480  14554.455445544552
500  14626.865671641792
520  14772.41379310345
540  14334.328358208955
560  14482.758620689654
580  14626.865671641792
600  14700.0
620  14554.455445544552
640  15145.454545454544
660  14773.869346733667
680  14700.0
700  14626.865671641792
720  14773.869346733667
740  14773.869346733667
760  14848.48484848485
780  14700.0
800  14773.869346733667
820  14848.48484848485
840  14700.0
860  14626.865671641792
880  14848.48484848485
900  14626.865671641792
920  14773.869346733667
940  14700.0
960  14626.865671641792
980  14700.0
1000  14700.0
1020  14848.48484848485
1040  14773.869346733667
1060  14923.857868020303
1080  14554.455445544552
1100  14848.48484848485
1120  14700.0
1140  14700.0
1160  14773.869346733667
1180  14773.869346733667
1200  14700.0
1220  14700.0
1240  14994.0
1260  14773.869346733667
1280  14848.48484848485
1300  14773.869346733667
1320  14700.0
1340  14773.869346733667
1360  14700.0
1380  14700.0
1400  14626.865671641792
1420  14773.869346733667
1440  14773.869346733667
1460  14773.869346733667
1480  14773.869346733667
1500  14700.0
1520  14773.869346733667
1540  14773.869346733667
1560  14773.869346733667
1580  14626.865671641792
1600  14773.869346733667
1620  14700.0
1640  14700.0
1660  14773.869346733667
1680  14700.0
1700  14773.869346733667
1720  14994.0
1740  14773.869346733667
1760  14700.0
1780  14700.0
1800  14773.869346733667
1820  14700.0
1840  14773.869346733667
1860  14626.865671641792
1880  14405.999999999998
1900  15069.34673366834
1920  14700.0
1940  14848.48484848485
1960  14700.0
1980  14700.0
2000  14700.0
2020  14700.0
2040  14700.0
2060  14773.869346733667
2080  14700.0
2100  14700.0
2120  14773.869346733667
2140  14994.0
2160  14700.0
2180  14478.391959798993
2200  14700.0
2220  14773.869346733667
2240  14700.0
2260  14700.0
2280  14773.869346733667
2300  14848.48484848485
2320  14773.869346733667
2340  14994.0
2360  14848.48484848485
2380  14554.455445544552
2400  14700.0
2420  15000.0
2440  14700.0
2460  14773.869346733667
2480  14626.865671641792
2500  14848.48484848485
2520  14773.869346733667
2540  14773.869346733667
2560  14773.869346733667
2580  14700.0
2600  14773.869346733667
2620  14773.869346733667
2640  14700.0
2660  14848.48484848485
2680  14554.455445544552
2700  14848.48484848485
2720  14773.869346733667
2740  14626.865671641792
2760  14773.869346733667
2780  14700.0
2800  14773.869346733667
2820  14773.869346733667
2840  14773.869346733667
2860  14773.869346733667
2880  14700.0
2900  14626.865671641792
2920  14773.869346733667
2940  14700.0
2960  14773.869346733667
2980  14773.869346733667
3000  14919.402985074626
3020  14848.48484848485
3040  14700.0
3060  14700.0
3080  14700.0
3100  14773.869346733667
3120  14848.48484848485
3140  14700.0
3160  14773.869346733667
3180  14554.455445544552
3200  14700.0
3220  14700.0
3240  14773.869346733667
3260  14848.48484848485
3280  14773.869346733667
3300  14700.0
3320  14773.869346733667
3340  14773.869346733667
3360  14700.0
3380  14700.0
3400  14773.869346733667
3420  14773.869346733667
3440  14773.869346733667
3460  15069.34673366834
3480  14773.869346733667
3500  14626.865671641792
3520  14848.48484848485
3540  14700.0
3560  14700.0
3580  14773.869346733667
3600  14773.869346733667
3620  14700.0
3640  14773.869346733667
3660  14773.869346733667
3680  14626.865671641792
3700  14773.869346733667
3720  14773.869346733667
3740  14773.869346733667
3760  14626.865671641792
3780  14848.48484848485
3800  14773.869346733667
3820  14700.0
3840  14773.869346733667
3860  14773.869346733667
3880  14700.0
3900  14848.48484848485
3920  14626.865671641792
3940  14773.869346733667
3960  14700.0
3980  14773.869346733667
4000  14700.0
4020  14773.869346733667
4040  14700.0
4060  14773.869346733667
4080  14700.0
4100  14994.0
4120  14700.0
4140  14848.48484848485
4160  14554.455445544552
4180  14700.0
4200  14773.869346733667
4220  14700.0
4240  14773.869346733667
4260  14773.869346733667
4280  14700.0
4300  14773.869346733667
4320  14773.869346733667
4340  14700.0
4360  14848.48484848485
4380  14626.865671641792
4400  14848.48484848485
4420  14700.0
4440  14773.869346733667
4460  14700.0
4480  14773.869346733667
4500  14994.0
4520  14700.0
4540  14700.0
4560  14773.869346733667
4580  14626.865671641792
4600  14626.865671641792
4620  14700.0
4640  14700.0
4660  14773.869346733667
4680  14700.0
4700  14773.869346733667
4720  14626.865671641792
4740  14994.0
4760  14700.0
4780  14773.869346733667
4800  14773.869346733667
4820  14700.0
4840  14773.869346733667
4860  14773.869346733667
4880  14773.869346733667
4900  14626.865671641792
4920  14773.869346733667
4940  14700.0
4960  14773.869346733667
4980  14700.0
5000  14773.869346733667
5020  14626.865671641792
5040  14848.48484848485
5060  14626.865671641792
5080  14848.48484848485
5100  14848.48484848485
5120  14626.865671641792
5140  14773.869346733667
5160  14773.869346733667
5180  14700.0
5200  14700.0
5220  14626.865671641792
5240  14773.869346733667
5260  14773.869346733667
5280  14848.48484848485
5300  14773.869346733667
5320  14773.869346733667
5340  14700.0
5360  14700.0
5380  14848.48484848485
5400  14626.865671641792
5420  14554.455445544552
5440  15069.34673366834
5460  14700.0
5480  14848.48484848485
5500  14626.865671641792
5520  14773.869346733667
5540  14700.0
5560  14773.869346733667
5580  14773.869346733667
5600  14700.0
5620  14700.0
5640  14700.0
5660  15000.0
5680  14626.865671641792
5700  14700.0
5720  14773.869346733667
5740  0.0
5760  0.0
5780  0.0
5800  0.0
5820  0.0
5840  0.0
5860  0.0
5880  0.0
5900  0.0
5920  0.0
5940  0.0
5960  0.0
5980  0.0
6000  0.0
6020  0.0
6040  0.0
6060  0.0
6080  0.0
6100  0.0
6120  0.0
6140  0.0
6160  0.0
6180  0.0
6200  0.0
6220  0.0
6240  0.0
6260  0.0
6280  0.0
6300  0.0
6320  0.0
6340  0.0
6360  0.0
6380  0.0
6400  0.0
6420  0.0
6440  0.0
6460  0.0
6480  0.0
6500  0.0
6520  0.0
6540  0.0
6560  0.0
6580  0.0
6600  0.0
6620  0.0
6640  0.0
6660  0.0
6680  0.0
6700  0.0
6720  0.0
6740  0.0
6760  0.0
6780  0.0
6800  0.0
6820  0.0
6840  0.0
6860  0.0
6880  0.0
6900  0.0
6920  0.0
6940  0.0
6960  0.0
6980  0.0
7000  0.0
7020  0.0
7040  0.0
7060  0.0
7080  0.0
7100  0.0
7120  0.0
7140  0.0
7160  0.0
7180  0.0
7200  0.0
7220  0.0
7240  0.0
7260  0.0
7280  0.0
7300  0.0
7320  0.0
7340  0.0
7360  0.0
7380  0.0
7400  0.0
7420  0.0
7440  0.0
7460  0.0
7480  0.0
7500  0.0
7520  0.0
7540  0.0
7560  0.0
7580  0.0
7600  0.0
7620  0.0
7640  0.0
7660  0.0
7680  0.0
7700  0.0
7720  0.0
7740  0.0
7760  0.0
7780  0.0
7800  0.0
7820  0.0
7840  0.0
7860  0.0
7880  0.0
7900  0.0
7920  0.0
7940  0.0
7960  0.0
