0  0.0
20  14700.0
40  14845.544554455446
60  14700.0
80  14848.48484848485
100  14773.869346733667
120  15069.34673366834
140  14923.857868020303
160  14773.869346733667
180  14700.0
200  14700.0
220  14700.0
240  14848.48484848485
260  14700.0
280  14773.869346733667
300  14626.865671641792
320  14773.869346733667
340  14773.869346733667
360  14700.0
380  14848.48484848485
400  14773.869346733667
420  14700.0
440  14773.869346733667
460  14700.0
480  14626.865671641792
500  14773.869346733667
520  14626.865671641792
540  14851.546391752576
560  14700.0
580  14773.869346733667
600  14773.869346733667
620  14773.869346733667
640  14773.869346733667
660  14700.0
680  14773.869346733667
700  14700.0
720  14700.0
740  14773.869346733667
760  14994.0
780  14848.48484848485
800  14700.0
820  14848.48484848485
840  14773.869346733667
860  14482.758620689654
880  14848.48484848485
900  14626.865671641792
920  14848.48484848485
940  14848.48484848485
960  14700.0
980  14700.0
1000  14700.0
1020  14773.869346733667
1040  14773.869346733667
1060  14700.0
1080  14773.869346733667
1100  14700.0
1120  14848.48484848485
1140  14700.0
1160  14923.857868020303
1180  14700.0
1200  14700.0
1220  14773.869346733667
1240  14700.0
1260  14848.48484848485
1280  14700.0
1300  14700.0
1320  14773.869346733667
1340  14773.869346733667
1360  14773.869346733667
1380  14700.0
1400  14848.48484848485
1420  14626.865671641792
1440  14848.48484848485
1460  15069.34673366834
1480  14700.0
1500  14626.865671641792
1520  14773.869346733667
1540  14848.48484848485
1560  14554.455445544552
1580  14848.48484848485
1600  14700.0
1620  14773.869346733667
1640  14773.869346733667
1660  14919.402985074626
1680  14554.455445544552
1700  14773.869346733667
1720  14773.869346733667
1740  14848.48484848485
1760  14626.865671641792
1780  14700.0
1800  14848.48484848485
1820  14405.999999999998
1840  14700.0
1860  14848.48484848485
1880  15069.34673366834
1900  14700.0
1920  14773.869346733667
1940  14773.869346733667
1960  14626.865671641792
1980  14773.869346733667
2000  14848.48484848485
2020  14773.869346733667
2040  14626.865671641792
2060  14700.0
2080  14848.48484848485
2100  14773.869346733667
2120  14700.0
2140  14773.869346733667
2160  14773.869346733667
2180  14773.869346733667
2200  14700.0
2220  14848.48484848485
2240  14626.865671641792
2260  14626.865671641792
2280  14848.48484848485
2300  14626.865671641792
2320  14773.869346733667
2340  15069.34673366834
2360  14700.0
2380  14334.328358208955
2400  14994.0
2420  14554.455445544552
2440  14848.48484848485
2460  14773.869346733667
2480  14700.0
2500  14773.869346733667
2520  14773.869346733667
2540  14626.865671641792
2560  14626.865671641792
2580  14773.869346733667
2600  14700.0
2620  0.0
2640  0.0
2660  0.0
2680  0.0
2700  0.0
2720  0.0
2740  0.0
2760  0.0
2780  0.0
2800  0.0
2820  0.0
2840  0.0
2860  0.0
2880  0.0
2900  0.0
2920  0.0
2940  0.0
2960  0.0
2980  0.0
3000  0.0
3020  0.0
3040  0.0
3060  0.0
3080  0.0
3100  0.0
3120  0.0
3140  0.0
3160  0.0
3180  0.0
3200  0.0
3220  0.0
3240  0.0
3260  0.0
3280  0.0
3300  0.0
3320  0.0
3340  0.0
3360  0.0
3380  0.0
3400  0.0
3420  0.0
3440  0.0
3460  0.0
3480  0.0
3500  0.0
3520  0.0
3540  0.0
3560  0.0
3580  0.0
3600  0.0
3620  0.0
3640  0.0
3660  0.0
3680  0.0
3700  0.0
3720  0.0
3740  0.0
3760  0.0
3780  0.0
3800  0.0
